2024-01-04T12:56:57.523+05:30  INFO 13240 --- [restartedMain] c.flight.FlightReservation1Application   : Starting FlightReservation1Application using Java 21.0.1 with PID 13240 (D:\RestFul Seervice\FlightReservation1\target\classes started by gaura in D:\RestFul Seervice\FlightReservation1)
2024-01-04T12:56:57.524+05:30  INFO 13240 --- [restartedMain] c.flight.FlightReservation1Application   : No active profile set, falling back to 1 default profile: "default"
2024-01-04T12:56:57.608+05:30  INFO 13240 --- [restartedMain] .s.d.r.c.RepositoryConfigurationDelegate : Bootstrapping Spring Data JPA repositories in DEFAULT mode.
2024-01-04T12:56:57.617+05:30  INFO 13240 --- [restartedMain] .s.d.r.c.RepositoryConfigurationDelegate : Finished Spring Data repository scanning in 8 ms. Found 4 JPA repository interfaces.
2024-01-04T12:56:57.685+05:30  INFO 13240 --- [restartedMain] o.s.b.w.embedded.tomcat.TomcatWebServer  : Tomcat initialized with port 8091 (http)
2024-01-04T12:56:57.685+05:30  INFO 13240 --- [restartedMain] o.apache.catalina.core.StandardService   : Starting service [Tomcat]
2024-01-04T12:56:57.685+05:30  INFO 13240 --- [restartedMain] o.apache.catalina.core.StandardEngine    : Starting Servlet engine: [Apache Tomcat/10.1.16]
2024-01-04T12:56:57.698+05:30  INFO 13240 --- [restartedMain] o.a.c.c.C.[Tomcat].[localhost].[/]       : Initializing Spring embedded WebApplicationContext
2024-01-04T12:56:57.698+05:30  INFO 13240 --- [restartedMain] w.s.c.ServletWebServerApplicationContext : Root WebApplicationContext: initialization completed in 172 ms
2024-01-04T12:56:57.723+05:30  INFO 13240 --- [restartedMain] com.zaxxer.hikari.HikariDataSource       : HikariPool-9 - Starting...
2024-01-04T12:56:57.729+05:30  INFO 13240 --- [restartedMain] com.zaxxer.hikari.pool.HikariPool        : HikariPool-9 - Added connection com.mysql.cj.jdbc.ConnectionImpl@4a03c74
2024-01-04T12:56:57.729+05:30  INFO 13240 --- [restartedMain] com.zaxxer.hikari.HikariDataSource       : HikariPool-9 - Start completed.
2024-01-04T12:56:57.731+05:30  INFO 13240 --- [restartedMain] o.hibernate.jpa.internal.util.LogHelper  : HHH000204: Processing PersistenceUnitInfo [name: default]
2024-01-04T12:56:57.733+05:30  INFO 13240 --- [restartedMain] o.h.c.internal.RegionFactoryInitiator    : HHH000026: Second-level cache disabled
2024-01-04T12:56:57.735+05:30  INFO 13240 --- [restartedMain] o.s.o.j.p.SpringPersistenceUnitInfo      : No LoadTimeWeaver setup: ignoring JPA class transformer
2024-01-04T12:56:57.766+05:30  INFO 13240 --- [restartedMain] o.h.e.t.j.p.i.JtaPlatformInitiator       : HHH000489: No JTA platform available (set 'hibernate.transaction.jta.platform' to enable JTA platform integration)
2024-01-04T12:56:57.766+05:30  INFO 13240 --- [restartedMain] j.LocalContainerEntityManagerFactoryBean : Initialized JPA EntityManagerFactory for persistence unit 'default'
2024-01-04T12:56:57.869+05:30  WARN 13240 --- [restartedMain] JpaBaseConfiguration$JpaWebConfiguration : spring.jpa.open-in-view is enabled by default. Therefore, database queries may be performed during view rendering. Explicitly configure spring.jpa.open-in-view to disable this warning
2024-01-04T12:56:57.949+05:30  INFO 13240 --- [restartedMain] o.s.b.d.a.OptionalLiveReloadServer       : LiveReload server is running on port 35729
2024-01-04T12:56:57.958+05:30  INFO 13240 --- [restartedMain] o.s.b.w.embedded.tomcat.TomcatWebServer  : Tomcat started on port 8091 (http) with context path ''
2024-01-04T12:56:57.964+05:30  INFO 13240 --- [restartedMain] c.flight.FlightReservation1Application   : Started FlightReservation1Application in 0.455 seconds (process running for 1790.19)
2024-01-04T12:56:57.965+05:30  INFO 13240 --- [restartedMain] .ConditionEvaluationDeltaLoggingListener : Condition evaluation unchanged
2024-01-04T12:57:12.866+05:30  INFO 13240 --- [http-nio-8091-exec-4] o.a.c.c.C.[Tomcat].[localhost].[/]       : Initializing Spring DispatcherServlet 'dispatcherServlet'
2024-01-04T12:57:12.867+05:30  INFO 13240 --- [http-nio-8091-exec-4] o.s.web.servlet.DispatcherServlet        : Initializing Servlet 'dispatcherServlet'
2024-01-04T12:57:12.869+05:30  INFO 13240 --- [http-nio-8091-exec-4] o.s.web.servlet.DispatcherServlet        : Completed initialization in 2 ms
2024-01-04T12:57:12.873+05:30  INFO 13240 --- [http-nio-8091-exec-4] com.flight.model.Reservation             : CompleteReservation :com.flight.controller.dto.ReservationRequest@41b5544c
2024-01-04T12:57:12.873+05:30  INFO 13240 --- [http-nio-8091-exec-4] c.flight.service.ReservationServiceImpl  : Inside bookFlight()com.flight.controller.dto.ReservationRequest@41b5544c
2024-01-04T12:57:12.873+05:30  INFO 13240 --- [http-nio-8091-exec-4] c.flight.service.ReservationServiceImpl  : fetching flight for flight detail4
2024-01-04T12:57:12.880+05:30  INFO 13240 --- [http-nio-8091-exec-4] c.flight.service.ReservationServiceImpl  : Passenger Detail:com.flight.model.Passenger@4eadd75b
2024-01-04T12:57:12.890+05:30  INFO 13240 --- [http-nio-8091-exec-4] c.flight.service.ReservationServiceImpl  : Reservation Detail :Reservation [checkedIn=false, numberOfBags=0, passenger=com.flight.model.Passenger@4eadd75b, flight=Flight [flightNumber=SW1, operatingAirlines=South West, departureCity=AUS, arrivalCity=NYC, dateOfDeparture=2020-02-06, estimatedDepartureTime=2020-02-05 13:44:07.0], created=2020-02-05 13:44:07.0]
2024-01-04T12:57:12.897+05:30  INFO 13240 --- [http-nio-8091-exec-4] c.flight.service.ReservationServiceImpl  : Generating the itenary
2024-01-04T12:57:12.899+05:30  INFO 13240 --- [http-nio-8091-exec-4] com.flight.util.PDFGenerator             : generatingItenary
2024-01-04T12:57:12.906+05:30  INFO 13240 --- [http-nio-8091-exec-4] c.flight.service.ReservationServiceImpl  : sending the itennary
2024-01-04T12:57:17.235+05:30  INFO 13240 --- [http-nio-8091-exec-4] c.flight.service.ReservationServiceImpl  : email send successfully
2024-01-04T12:57:17.237+05:30  INFO 13240 --- [http-nio-8091-exec-4] com.flight.model.Reservation             : Reservation Done
2024-01-04T13:22:03.089+05:30  WARN 13240 --- [HikariPool-9 housekeeper] com.zaxxer.hikari.pool.HikariPool        : HikariPool-9 - Thread starvation or clock leap detected (housekeeper delta=24m5s248ms783µs700ns).
2024-01-04T13:28:45.974+05:30  INFO 13240 --- [File Watcher] rtingClassPathChangeChangedEventListener : Restarting due to 1 class path change (1 addition, 0 deletions, 0 modifications)
2024-01-04T13:28:46.051+05:30  INFO 13240 --- [Thread-35] j.LocalContainerEntityManagerFactoryBean : Closing JPA EntityManagerFactory for persistence unit 'default'
2024-01-04T13:28:46.063+05:30  INFO 13240 --- [Thread-35] com.zaxxer.hikari.HikariDataSource       : HikariPool-9 - Shutdown initiated...
2024-01-04T13:28:46.101+05:30  INFO 13240 --- [Thread-35] com.zaxxer.hikari.HikariDataSource       : HikariPool-9 - Shutdown completed.
2024-01-04T13:29:02.180+05:30  INFO 13240 --- [restartedMain] c.flight.FlightReservation1Application   : Starting FlightReservation1Application using Java 21.0.1 with PID 13240 (D:\RestFul Seervice\FlightReservation1\target\classes started by gaura in D:\RestFul Seervice\FlightReservation1)
2024-01-04T13:29:02.181+05:30  INFO 13240 --- [restartedMain] c.flight.FlightReservation1Application   : No active profile set, falling back to 1 default profile: "default"
2024-01-04T13:29:02.305+05:30  INFO 13240 --- [restartedMain] .s.d.r.c.RepositoryConfigurationDelegate : Bootstrapping Spring Data JPA repositories in DEFAULT mode.
2024-01-04T13:29:02.319+05:30  INFO 13240 --- [restartedMain] .s.d.r.c.RepositoryConfigurationDelegate : Finished Spring Data repository scanning in 12 ms. Found 4 JPA repository interfaces.
2024-01-04T13:29:02.408+05:30  INFO 13240 --- [restartedMain] o.s.b.w.embedded.tomcat.TomcatWebServer  : Tomcat initialized with port 8091 (http)
2024-01-04T13:29:02.409+05:30  INFO 13240 --- [restartedMain] o.apache.catalina.core.StandardService   : Starting service [Tomcat]
2024-01-04T13:29:02.409+05:30  INFO 13240 --- [restartedMain] o.apache.catalina.core.StandardEngine    : Starting Servlet engine: [Apache Tomcat/10.1.16]
2024-01-04T13:29:02.422+05:30  INFO 13240 --- [restartedMain] o.a.c.c.C.[Tomcat].[localhost].[/]       : Initializing Spring embedded WebApplicationContext
2024-01-04T13:29:02.422+05:30  INFO 13240 --- [restartedMain] w.s.c.ServletWebServerApplicationContext : Root WebApplicationContext: initialization completed in 240 ms
2024-01-04T13:29:02.451+05:30  INFO 13240 --- [restartedMain] com.zaxxer.hikari.HikariDataSource       : HikariPool-10 - Starting...
2024-01-04T13:29:02.456+05:30  INFO 13240 --- [restartedMain] com.zaxxer.hikari.pool.HikariPool        : HikariPool-10 - Added connection com.mysql.cj.jdbc.ConnectionImpl@494890ca
2024-01-04T13:29:02.456+05:30  INFO 13240 --- [restartedMain] com.zaxxer.hikari.HikariDataSource       : HikariPool-10 - Start completed.
2024-01-04T13:29:02.458+05:30  INFO 13240 --- [restartedMain] o.hibernate.jpa.internal.util.LogHelper  : HHH000204: Processing PersistenceUnitInfo [name: default]
2024-01-04T13:29:02.460+05:30  INFO 13240 --- [restartedMain] o.h.c.internal.RegionFactoryInitiator    : HHH000026: Second-level cache disabled
2024-01-04T13:29:02.462+05:30  INFO 13240 --- [restartedMain] o.s.o.j.p.SpringPersistenceUnitInfo      : No LoadTimeWeaver setup: ignoring JPA class transformer
2024-01-04T13:29:02.510+05:30  INFO 13240 --- [restartedMain] o.h.e.t.j.p.i.JtaPlatformInitiator       : HHH000489: No JTA platform available (set 'hibernate.transaction.jta.platform' to enable JTA platform integration)
2024-01-04T13:29:02.510+05:30  INFO 13240 --- [restartedMain] j.LocalContainerEntityManagerFactoryBean : Initialized JPA EntityManagerFactory for persistence unit 'default'
2024-01-04T13:29:02.690+05:30  WARN 13240 --- [restartedMain] JpaBaseConfiguration$JpaWebConfiguration : spring.jpa.open-in-view is enabled by default. Therefore, database queries may be performed during view rendering. Explicitly configure spring.jpa.open-in-view to disable this warning
2024-01-04T13:29:02.807+05:30  INFO 13240 --- [restartedMain] o.s.b.d.a.OptionalLiveReloadServer       : LiveReload server is running on port 35729
2024-01-04T13:29:02.824+05:30  INFO 13240 --- [restartedMain] o.s.b.w.embedded.tomcat.TomcatWebServer  : Tomcat started on port 8091 (http) with context path ''
2024-01-04T13:29:02.829+05:30  INFO 13240 --- [restartedMain] c.flight.FlightReservation1Application   : Started FlightReservation1Application in 0.675 seconds (process running for 3715.055)
2024-01-04T13:29:02.830+05:30  INFO 13240 --- [restartedMain] .ConditionEvaluationDeltaLoggingListener : Condition evaluation unchanged
2024-01-04T13:30:28.028+05:30  INFO 13240 --- [File Watcher] rtingClassPathChangeChangedEventListener : Restarting due to 1 class path change (1 addition, 0 deletions, 0 modifications)
2024-01-04T13:30:28.046+05:30  INFO 13240 --- [Thread-39] j.LocalContainerEntityManagerFactoryBean : Closing JPA EntityManagerFactory for persistence unit 'default'
2024-01-04T13:30:28.046+05:30  INFO 13240 --- [Thread-39] com.zaxxer.hikari.HikariDataSource       : HikariPool-10 - Shutdown initiated...
2024-01-04T13:30:28.049+05:30  INFO 13240 --- [Thread-39] com.zaxxer.hikari.HikariDataSource       : HikariPool-10 - Shutdown completed.
